<?xml version="1.0" encoding="UTF-8"?>
<coverage generated="1685852026670" clover="3.2.0">
  <project timestamp="1685852026670" name="All files">
    <metrics statements="67" coveredstatements="60" conditionals="7" coveredconditionals="4" methods="23" coveredmethods="19" elements="97" coveredelements="83" complexity="0" loc="67" ncloc="67" packages="4" files="5" classes="5"/>
    <package name="components">
      <metrics statements="19" coveredstatements="18" conditionals="1" coveredconditionals="0" methods="6" coveredmethods="5"/>
      <file name="HeaderAction.tsx" path="C:\Users\SEAN\Desktop\Work\Tutorials\react-testing-vite\src\components\HeaderAction.tsx">
        <metrics statements="12" coveredstatements="12" conditionals="1" coveredconditionals="0" methods="2" coveredmethods="2"/>
        <line num="1" count="2" type="stmt"/>
        <line num="3" count="2" type="stmt"/>
        <line num="5" count="2" type="stmt"/>
        <line num="6" count="7" type="stmt"/>
        <line num="7" count="7" type="stmt"/>
        <line num="8" count="4" type="stmt"/>
        <line num="9" count="4" type="cond" truecount="0" falsecount="1"/>
        <line num="10" count="4" type="stmt"/>
        <line num="11" count="4" type="stmt"/>
        <line num="12" count="4" type="stmt"/>
        <line num="15" count="7" type="stmt"/>
        <line num="52" count="2" type="stmt"/>
      </file>
      <file name="ListContainer.tsx" path="C:\Users\SEAN\Desktop\Work\Tutorials\react-testing-vite\src\components\ListContainer.tsx">
        <metrics statements="7" coveredstatements="6" conditionals="0" coveredconditionals="0" methods="4" coveredmethods="3"/>
        <line num="1" count="2" type="stmt"/>
        <line num="5" count="7" type="stmt"/>
        <line num="6" count="2" type="stmt"/>
        <line num="7" count="8" type="stmt"/>
        <line num="11" count="7" type="stmt"/>
        <line num="22" count="0" type="stmt"/>
        <line num="31" count="2" type="stmt"/>
      </file>
    </package>
    <package name="hooks">
      <metrics statements="5" coveredstatements="5" conditionals="0" coveredconditionals="0" methods="3" coveredmethods="3"/>
      <file name="useToggle.ts" path="C:\Users\SEAN\Desktop\Work\Tutorials\react-testing-vite\src\hooks\useToggle.ts">
        <metrics statements="5" coveredstatements="5" conditionals="0" coveredconditionals="0" methods="3" coveredmethods="3"/>
        <line num="1" count="1" type="stmt"/>
        <line num="6" count="6" type="stmt"/>
        <line num="8" count="6" type="stmt"/>
        <line num="10" count="6" type="stmt"/>
        <line num="13" count="1" type="stmt"/>
      </file>
    </package>
    <package name="pages.FetchSample">
      <metrics statements="20" coveredstatements="19" conditionals="2" coveredconditionals="2" methods="8" coveredmethods="7"/>
      <file name="index.tsx" path="C:\Users\SEAN\Desktop\Work\Tutorials\react-testing-vite\src\pages\FetchSample\index.tsx">
        <metrics statements="20" coveredstatements="19" conditionals="2" coveredconditionals="2" methods="8" coveredmethods="7"/>
        <line num="1" count="1" type="stmt"/>
        <line num="2" count="1" type="stmt"/>
        <line num="4" count="1" type="stmt"/>
        <line num="7" count="1" type="stmt"/>
        <line num="8" count="6" type="cond" truecount="1" falsecount="0"/>
        <line num="9" count="4" type="cond" truecount="1" falsecount="0"/>
        <line num="10" count="2" type="stmt"/>
        <line num="12" count="2" type="stmt"/>
        <line num="18" count="1" type="stmt"/>
        <line num="20" count="6" type="stmt"/>
        <line num="21" count="6" type="stmt"/>
        <line num="23" count="6" type="stmt"/>
        <line num="24" count="2" type="stmt"/>
        <line num="25" count="2" type="stmt"/>
        <line num="26" count="2" type="stmt"/>
        <line num="28" count="2" type="stmt"/>
        <line num="30" count="0" type="stmt"/>
        <line num="32" count="2" type="stmt"/>
        <line num="36" count="6" type="stmt"/>
        <line num="44" count="1" type="stmt"/>
      </file>
    </package>
    <package name="pages.Todos">
      <metrics statements="23" coveredstatements="18" conditionals="4" coveredconditionals="2" methods="6" coveredmethods="4"/>
      <file name="index.tsx" path="C:\Users\SEAN\Desktop\Work\Tutorials\react-testing-vite\src\pages\Todos\index.tsx">
        <metrics statements="23" coveredstatements="18" conditionals="4" coveredconditionals="2" methods="6" coveredmethods="4"/>
        <line num="1" count="1" type="stmt"/>
        <line num="2" count="1" type="stmt"/>
        <line num="4" count="1" type="stmt"/>
        <line num="5" count="1" type="stmt"/>
        <line num="7" count="1" type="stmt"/>
        <line num="8" count="6" type="stmt"/>
        <line num="9" count="6" type="stmt"/>
        <line num="10" count="6" type="stmt"/>
        <line num="11" count="4" type="stmt"/>
        <line num="12" count="4" type="cond" truecount="1" falsecount="2"/>
        <line num="14" count="4" type="stmt"/>
        <line num="15" count="4" type="cond" truecount="1" falsecount="0"/>
        <line num="22" count="3" type="stmt"/>
        <line num="23" count="3" type="stmt"/>
        <line num="25" count="0" type="stmt"/>
        <line num="26" count="0" type="stmt"/>
        <line num="27" count="0" type="stmt"/>
        <line num="29" count="0" type="stmt"/>
        <line num="31" count="3" type="stmt"/>
        <line num="34" count="6" type="stmt"/>
        <line num="42" count="4" type="stmt"/>
        <line num="50" count="0" type="stmt"/>
        <line num="57" count="1" type="stmt"/>
      </file>
    </package>
  </project>
</coverage>
