{"C:\\Users\\SEAN\\Desktop\\Work\\Tutorials\\react-testing-vite\\src\\components\\HeaderAction.tsx": {"path":"C:\\Users\\SEAN\\Desktop\\Work\\Tutorials\\react-testing-vite\\src\\components\\HeaderAction.tsx","statementMap":{"0":{"start":{"line":1,"column":0},"end":{"line":1,"column":30}},"1":{"start":{"line":3,"column":0},"end":{"line":3,"column":74}},"2":{"start":{"line":5,"column":21},"end":{"line":50,"column":1}},"3":{"start":{"line":6,"column":19},"end":{"line":6,"column":49}},"4":{"start":{"line":7,"column":16},"end":{"line":13,"column":3}},"5":{"start":{"line":8,"column":17},"end":{"line":8,"column":40}},"6":{"start":{"line":9,"column":4},"end":{"line":9,"column":21}},"7":{"start":{"line":9,"column":15},"end":{"line":9,"column":21}},"8":{"start":{"line":10,"column":4},"end":{"line":10,"column":null}},"9":{"start":{"line":11,"column":4},"end":{"line":11,"column":null}},"10":{"start":{"line":12,"column":4},"end":{"line":12,"column":null}},"11":{"start":{"line":15,"column":2},"end":{"line":49,"column":null}},"12":{"start":{"line":52,"column":0},"end":{"line":52,"column":null}}},"fnMap":{"0":{"name":"(anonymous_0)","decl":{"start":{"line":5,"column":21},"end":{"line":5,"column":22}},"loc":{"start":{"line":5,"column":80},"end":{"line":50,"column":1}}},"1":{"name":"(anonymous_1)","decl":{"start":{"line":7,"column":16},"end":{"line":7,"column":19}},"loc":{"start":{"line":7,"column":21},"end":{"line":13,"column":3}}}},"branchMap":{"0":{"loc":{"start":{"line":9,"column":4},"end":{"line":9,"column":21}},"type":"if","locations":[{"start":{"line":9,"column":4},"end":{"line":9,"column":21}}]}},"s":{"0":2,"1":2,"2":2,"3":7,"4":7,"5":4,"6":4,"7":0,"8":4,"9":4,"10":4,"11":7,"12":2},"f":{"0":7,"1":4},"b":{"0":[0]}}
,"C:\\Users\\SEAN\\Desktop\\Work\\Tutorials\\react-testing-vite\\src\\components\\ListContainer.tsx": {"path":"C:\\Users\\SEAN\\Desktop\\Work\\Tutorials\\react-testing-vite\\src\\components\\ListContainer.tsx","statementMap":{"0":{"start":{"line":1,"column":0},"end":{"line":1,"column":63}},"1":{"start":{"line":5,"column":18},"end":{"line":5,"column":32}},"2":{"start":{"line":5,"column":24},"end":{"line":5,"column":32}},"3":{"start":{"line":6,"column":22},"end":{"line":29,"column":1}},"4":{"start":{"line":7,"column":2},"end":{"line":28,"column":null}},"5":{"start":{"line":11,"column":10},"end":{"line":11,"column":69}},"6":{"start":{"line":22,"column":29},"end":{"line":22,"column":45}},"7":{"start":{"line":31,"column":0},"end":{"line":31,"column":null}}},"fnMap":{"0":{"name":"(anonymous_0)","decl":{"start":{"line":5,"column":18},"end":{"line":5,"column":21}},"loc":{"start":{"line":5,"column":24},"end":{"line":5,"column":32}}},"1":{"name":"(anonymous_1)","decl":{"start":{"line":6,"column":22},"end":{"line":6,"column":23}},"loc":{"start":{"line":6,"column":102},"end":{"line":29,"column":1}}},"2":{"name":"(anonymous_2)","decl":{"start":{"line":10,"column":19},"end":{"line":10,"column":20}},"loc":{"start":{"line":11,"column":10},"end":{"line":11,"column":69}}},"3":{"name":"(anonymous_3)","decl":{"start":{"line":22,"column":23},"end":{"line":22,"column":26}},"loc":{"start":{"line":22,"column":29},"end":{"line":22,"column":45}}}},"branchMap":{},"s":{"0":2,"1":2,"2":7,"3":2,"4":8,"5":7,"6":0,"7":2},"f":{"0":7,"1":8,"2":7,"3":0},"b":{}}
,"C:\\Users\\SEAN\\Desktop\\Work\\Tutorials\\react-testing-vite\\src\\hooks\\useToggle.ts": {"path":"C:\\Users\\SEAN\\Desktop\\Work\\Tutorials\\react-testing-vite\\src\\hooks\\useToggle.ts","statementMap":{"0":{"start":{"line":1,"column":0},"end":{"line":1,"column":46}},"1":{"start":{"line":6,"column":27},"end":{"line":6,"column":51}},"2":{"start":{"line":8,"column":16},"end":{"line":8,"column":58}},"3":{"start":{"line":8,"column":34},"end":{"line":8,"column":53}},"4":{"start":{"line":8,"column":50},"end":{"line":8,"column":52}},"5":{"start":{"line":10,"column":1},"end":{"line":10,"column":24}},"6":{"start":{"line":13,"column":0},"end":{"line":13,"column":25}}},"fnMap":{"0":{"name":"useToggle","decl":{"start":{"line":3,"column":9},"end":{"line":3,"column":18}},"loc":{"start":{"line":4,"column":23},"end":{"line":11,"column":1}}},"1":{"name":"(anonymous_1)","decl":{"start":{"line":8,"column":28},"end":{"line":8,"column":31}},"loc":{"start":{"line":8,"column":34},"end":{"line":8,"column":53}}},"2":{"name":"(anonymous_2)","decl":{"start":{"line":8,"column":43},"end":{"line":8,"column":44}},"loc":{"start":{"line":8,"column":50},"end":{"line":8,"column":52}}}},"branchMap":{},"s":{"0":1,"1":6,"2":6,"3":4,"4":4,"5":6,"6":1},"f":{"0":6,"1":4,"2":4},"b":{}}
,"C:\\Users\\SEAN\\Desktop\\Work\\Tutorials\\react-testing-vite\\src\\pages\\FetchSample\\index.tsx": {"path":"C:\\Users\\SEAN\\Desktop\\Work\\Tutorials\\react-testing-vite\\src\\pages\\FetchSample\\index.tsx","statementMap":{"0":{"start":{"line":1,"column":0},"end":{"line":1,"column":43}},"1":{"start":{"line":2,"column":0},"end":{"line":2,"column":87}},"2":{"start":{"line":4,"column":0},"end":{"line":4,"column":40}},"3":{"start":{"line":7,"column":19},"end":{"line":16,"column":1}},"4":{"start":{"line":8,"column":2},"end":{"line":8,"column":null}},"5":{"start":{"line":8,"column":15},"end":{"line":8,"column":null}},"6":{"start":{"line":9,"column":2},"end":{"line":9,"column":null}},"7":{"start":{"line":9,"column":27},"end":{"line":9,"column":null}},"8":{"start":{"line":10,"column":2},"end":{"line":15,"column":null}},"9":{"start":{"line":12,"column":6},"end":{"line":12,"column":36}},"10":{"start":{"line":18,"column":20},"end":{"line":42,"column":1}},"11":{"start":{"line":20,"column":35},"end":{"line":20,"column":51}},"12":{"start":{"line":21,"column":34},"end":{"line":21,"column":57}},"13":{"start":{"line":23,"column":2},"end":{"line":34,"column":null}},"14":{"start":{"line":24,"column":4},"end":{"line":24,"column":null}},"15":{"start":{"line":25,"column":4},"end":{"line":33,"column":null}},"16":{"start":{"line":26,"column":21},"end":{"line":26,"column":31}},"17":{"start":{"line":28,"column":8},"end":{"line":28,"column":null}},"18":{"start":{"line":30,"column":22},"end":{"line":30,"column":38}},"19":{"start":{"line":32,"column":8},"end":{"line":32,"column":null}},"20":{"start":{"line":36,"column":2},"end":{"line":41,"column":null}},"21":{"start":{"line":44,"column":0},"end":{"line":44,"column":null}}},"fnMap":{"0":{"name":"(anonymous_0)","decl":{"start":{"line":7,"column":19},"end":{"line":7,"column":20}},"loc":{"start":{"line":7,"column":86},"end":{"line":16,"column":1}}},"1":{"name":"(anonymous_1)","decl":{"start":{"line":11,"column":32},"end":{"line":11,"column":33}},"loc":{"start":{"line":12,"column":6},"end":{"line":12,"column":36}}},"2":{"name":"(anonymous_2)","decl":{"start":{"line":18,"column":20},"end":{"line":18,"column":23}},"loc":{"start":{"line":18,"column":25},"end":{"line":42,"column":1}}},"3":{"name":"(anonymous_3)","decl":{"start":{"line":23,"column":12},"end":{"line":23,"column":15}},"loc":{"start":{"line":23,"column":17},"end":{"line":34,"column":3}}},"4":{"name":"(anonymous_4)","decl":{"start":{"line":26,"column":12},"end":{"line":26,"column":13}},"loc":{"start":{"line":26,"column":21},"end":{"line":26,"column":31}}},"5":{"name":"(anonymous_5)","decl":{"start":{"line":27,"column":12},"end":{"line":27,"column":13}},"loc":{"start":{"line":27,"column":20},"end":{"line":29,"column":7}}},"6":{"name":"(anonymous_6)","decl":{"start":{"line":30,"column":13},"end":{"line":30,"column":14}},"loc":{"start":{"line":30,"column":22},"end":{"line":30,"column":38}}},"7":{"name":"(anonymous_7)","decl":{"start":{"line":31,"column":15},"end":{"line":31,"column":18}},"loc":{"start":{"line":31,"column":20},"end":{"line":33,"column":7}}}},"branchMap":{"0":{"loc":{"start":{"line":8,"column":2},"end":{"line":8,"column":null}},"type":"if","locations":[{"start":{"line":8,"column":2},"end":{"line":8,"column":null}}]},"1":{"loc":{"start":{"line":9,"column":2},"end":{"line":9,"column":null}},"type":"if","locations":[{"start":{"line":9,"column":2},"end":{"line":9,"column":null}}]}},"s":{"0":1,"1":1,"2":1,"3":1,"4":6,"5":2,"6":4,"7":2,"8":2,"9":2,"10":1,"11":6,"12":6,"13":6,"14":2,"15":2,"16":2,"17":2,"18":0,"19":2,"20":6,"21":1},"f":{"0":6,"1":2,"2":6,"3":2,"4":2,"5":2,"6":0,"7":2},"b":{"0":[2],"1":[2]}}
,"C:\\Users\\SEAN\\Desktop\\Work\\Tutorials\\react-testing-vite\\src\\pages\\Todos\\index.tsx": {"path":"C:\\Users\\SEAN\\Desktop\\Work\\Tutorials\\react-testing-vite\\src\\pages\\Todos\\index.tsx","statementMap":{"0":{"start":{"line":1,"column":0},"end":{"line":1,"column":32}},"1":{"start":{"line":2,"column":0},"end":{"line":2,"column":65}},"2":{"start":{"line":4,"column":0},"end":{"line":4,"column":51}},"3":{"start":{"line":5,"column":0},"end":{"line":5,"column":64}},"4":{"start":{"line":7,"column":13},"end":{"line":55,"column":1}},"5":{"start":{"line":8,"column":16},"end":{"line":8,"column":26}},"6":{"start":{"line":9,"column":46},"end":{"line":9,"column":65}},"7":{"start":{"line":10,"column":21},"end":{"line":32,"column":3}},"8":{"start":{"line":11,"column":23},"end":{"line":11,"column":25}},"9":{"start":{"line":12,"column":4},"end":{"line":30,"column":null}},"10":{"start":{"line":14,"column":29},"end":{"line":14,"column":88}},"11":{"start":{"line":14,"column":64},"end":{"line":14,"column":82}},"12":{"start":{"line":15,"column":8},"end":{"line":21,"column":null}},"13":{"start":{"line":15,"column":26},"end":{"line":21,"column":null}},"14":{"start":{"line":22,"column":8},"end":{"line":22,"column":null}},"15":{"start":{"line":23,"column":8},"end":{"line":23,"column":14}},"16":{"start":{"line":25,"column":8},"end":{"line":25,"column":null}},"17":{"start":{"line":26,"column":8},"end":{"line":26,"column":null}},"18":{"start":{"line":26,"column":48},"end":{"line":26,"column":66}},"19":{"start":{"line":27,"column":8},"end":{"line":27,"column":14}},"20":{"start":{"line":29,"column":8},"end":{"line":29,"column":14}},"21":{"start":{"line":31,"column":4},"end":{"line":31,"column":null}},"22":{"start":{"line":34,"column":2},"end":{"line":54,"column":null}},"23":{"start":{"line":42,"column":52},"end":{"line":42,"column":75}},"24":{"start":{"line":50,"column":45},"end":{"line":50,"column":76}},"25":{"start":{"line":57,"column":0},"end":{"line":57,"column":null}}},"fnMap":{"0":{"name":"(anonymous_0)","decl":{"start":{"line":7,"column":13},"end":{"line":7,"column":16}},"loc":{"start":{"line":7,"column":18},"end":{"line":55,"column":1}}},"1":{"name":"(anonymous_1)","decl":{"start":{"line":10,"column":21},"end":{"line":10,"column":22}},"loc":{"start":{"line":10,"column":69},"end":{"line":32,"column":3}}},"2":{"name":"(anonymous_2)","decl":{"start":{"line":14,"column":54},"end":{"line":14,"column":55}},"loc":{"start":{"line":14,"column":64},"end":{"line":14,"column":82}}},"3":{"name":"(anonymous_3)","decl":{"start":{"line":26,"column":38},"end":{"line":26,"column":39}},"loc":{"start":{"line":26,"column":48},"end":{"line":26,"column":66}}},"4":{"name":"(anonymous_4)","decl":{"start":{"line":42,"column":34},"end":{"line":42,"column":35}},"loc":{"start":{"line":42,"column":52},"end":{"line":42,"column":75}}},"5":{"name":"(anonymous_5)","decl":{"start":{"line":50,"column":22},"end":{"line":50,"column":23}},"loc":{"start":{"line":50,"column":45},"end":{"line":50,"column":76}}}},"branchMap":{"0":{"loc":{"start":{"line":12,"column":4},"end":{"line":30,"column":null}},"type":"switch","locations":[{"start":{"line":13,"column":6},"end":{"line":23,"column":14}},{"start":{"line":24,"column":6},"end":{"line":27,"column":14}},{"start":{"line":28,"column":6},"end":{"line":29,"column":14}}]},"1":{"loc":{"start":{"line":15,"column":8},"end":{"line":21,"column":null}},"type":"if","locations":[{"start":{"line":15,"column":8},"end":{"line":21,"column":null}}]}},"s":{"0":1,"1":1,"2":1,"3":1,"4":1,"5":6,"6":6,"7":6,"8":4,"9":4,"10":4,"11":1,"12":4,"13":1,"14":3,"15":3,"16":0,"17":0,"18":0,"19":0,"20":0,"21":3,"22":6,"23":4,"24":0,"25":1},"f":{"0":6,"1":4,"2":1,"3":0,"4":4,"5":0},"b":{"0":[4,0,0],"1":[1]}}
}
