TN:
SF:src\components\HeaderAction.tsx
FN:5,(anonymous_0)
FN:7,(anonymous_1)
FNF:2
FNH:2
FNDA:7,(anonymous_0)
FNDA:4,(anonymous_1)
DA:1,2
DA:3,2
DA:5,2
DA:6,7
DA:7,7
DA:8,4
DA:9,4
DA:10,4
DA:11,4
DA:12,4
DA:15,7
DA:52,2
LF:12
LH:12
BRDA:9,0,0,0
BRF:1
BRH:0
end_of_record
TN:
SF:src\components\ListContainer.tsx
FN:5,(anonymous_0)
FN:6,(anonymous_1)
FN:10,(anonymous_2)
FN:22,(anonymous_3)
FNF:4
FNH:3
FNDA:7,(anonymous_0)
FNDA:8,(anonymous_1)
FNDA:7,(anonymous_2)
FNDA:0,(anonymous_3)
DA:1,2
DA:5,7
DA:6,2
DA:7,8
DA:11,7
DA:22,0
DA:31,2
LF:7
LH:6
BRF:0
BRH:0
end_of_record
TN:
SF:src\hooks\useToggle.ts
FN:3,useToggle
FN:8,(anonymous_1)
FN:8,(anonymous_2)
FNF:3
FNH:3
FNDA:6,useToggle
FNDA:4,(anonymous_1)
FNDA:4,(anonymous_2)
DA:1,1
DA:6,6
DA:8,6
DA:10,6
DA:13,1
LF:5
LH:5
BRF:0
BRH:0
end_of_record
TN:
SF:src\pages\FetchSample\index.tsx
FN:7,(anonymous_0)
FN:11,(anonymous_1)
FN:18,(anonymous_2)
FN:23,(anonymous_3)
FN:26,(anonymous_4)
FN:27,(anonymous_5)
FN:30,(anonymous_6)
FN:31,(anonymous_7)
FNF:8
FNH:7
FNDA:6,(anonymous_0)
FNDA:2,(anonymous_1)
FNDA:6,(anonymous_2)
FNDA:2,(anonymous_3)
FNDA:2,(anonymous_4)
FNDA:2,(anonymous_5)
FNDA:0,(anonymous_6)
FNDA:2,(anonymous_7)
DA:1,1
DA:2,1
DA:4,1
DA:7,1
DA:8,6
DA:9,4
DA:10,2
DA:12,2
DA:18,1
DA:20,6
DA:21,6
DA:23,6
DA:24,2
DA:25,2
DA:26,2
DA:28,2
DA:30,0
DA:32,2
DA:36,6
DA:44,1
LF:20
LH:19
BRDA:8,0,0,2
BRDA:9,1,0,2
BRF:2
BRH:2
end_of_record
TN:
SF:src\pages\Todos\index.tsx
FN:7,(anonymous_0)
FN:10,(anonymous_1)
FN:14,(anonymous_2)
FN:26,(anonymous_3)
FN:42,(anonymous_4)
FN:50,(anonymous_5)
FNF:6
FNH:4
FNDA:6,(anonymous_0)
FNDA:4,(anonymous_1)
FNDA:1,(anonymous_2)
FNDA:0,(anonymous_3)
FNDA:4,(anonymous_4)
FNDA:0,(anonymous_5)
DA:1,1
DA:2,1
DA:4,1
DA:5,1
DA:7,1
DA:8,6
DA:9,6
DA:10,6
DA:11,4
DA:12,4
DA:14,4
DA:15,4
DA:22,3
DA:23,3
DA:25,0
DA:26,0
DA:27,0
DA:29,0
DA:31,3
DA:34,6
DA:42,4
DA:50,0
DA:57,1
LF:23
LH:18
BRDA:12,0,0,4
BRDA:12,0,1,0
BRDA:12,0,2,0
BRDA:15,1,0,1
BRF:4
BRH:2
end_of_record
